2019-06-08 15:58:40,049 [mylogger] [ERROR] error message
2019-06-08 15:58:40,049 [mylogger] [INFO] info message
2019-06-08 15:58:40,049 [mylogger] [WARN] warn message
2019-06-08 15:58:40,049 [mylogger] [DEBUG] debug message
2019-06-08 16:00:41,451 [mylogger] [ERROR] error message
2019-06-08 16:00:41,452 [mylogger] [INFO] info message
2019-06-08 16:00:41,452 [mylogger] [WARN] warn message
2019-06-08 16:00:41,453 [mylogger] [DEBUG] debug message
2019-06-08 16:04:17,185 [mylogger] [ERROR] error message
2019-06-08 16:04:17,185 [mylogger] [INFO] info message
2019-06-08 16:04:17,185 [mylogger] [WARN] warn message
2019-06-08 16:04:17,185 [mylogger] [DEBUG] debug message
2019-06-09 10:24:38,940 [mylogger] [ERROR]  [error message] TestMylogger.cc:prefix:12] 
2019-06-09 10:24:38,941 [mylogger] [INFO] info message
2019-06-09 10:24:38,942 [mylogger] [WARN] warn message
2019-06-09 10:24:38,946 [mylogger] [DEBUG] debug message
2019-06-09 10:26:11,115 [mylogger] [ERROR]  [error message]  [TestMylogger.cc:prefix:12] 
2019-06-09 10:26:11,124 [mylogger] [INFO] info message
2019-06-09 10:26:11,125 [mylogger] [WARN] warn message
2019-06-09 10:26:11,126 [mylogger] [DEBUG] debug message
2019-06-09 10:29:51,953 [mylogger] [ERROR]  [error message]  [Mylogger.h:prefix:18] 
2019-06-09 10:29:51,954 [mylogger] [INFO] info message
2019-06-09 10:29:51,955 [mylogger] [WARN] warn message
2019-06-09 10:29:51,956 [mylogger] [DEBUG] debug message
2019-06-09 10:53:51,384 [mylogger] [ERROR]  [TestMylogger.cc:test0:9] 
2019-06-09 10:53:51,389 [mylogger] [INFO] info message
2019-06-09 10:53:51,389 [mylogger] [WARN] warn message
2019-06-09 10:53:51,390 [mylogger] [DEBUG] debug message
2019-06-09 10:55:42,095 [mylogger] [ERROR] msg [TestMylogger.cc:test0:9] 
2019-06-09 10:55:42,095 [mylogger] [INFO] info message
2019-06-09 10:55:42,095 [mylogger] [WARN] warn message
2019-06-09 10:55:42,095 [mylogger] [DEBUG] debug message
2019-06-09 10:56:18,824 [mylogger] [ERROR] error message [TestMylogger.cc:test0:9] 
2019-06-09 10:56:18,826 [mylogger] [INFO] info message
2019-06-09 10:56:18,826 [mylogger] [WARN] warn message
2019-06-09 10:56:18,827 [mylogger] [DEBUG] debug message
2019-06-09 11:09:19,402 [mylogger] [INFO] info [TestMylogger.cc:test1:18] 
2019-06-09 11:09:19,403 [mylogger] [WARN] warn [TestMylogger.cc:test1:19] 
2019-06-09 11:09:19,403 [mylogger] [DEBUG] debug [TestMylogger.cc:test1:20] 
2019-06-09 11:09:19,404 [mylogger] [ERROR] error [TestMylogger.cc:test1:21] 
2019-06-09 12:08:10,203 [mylogger] [INFO]  [TestMylogger.cc:test1:18] info
2019-06-09 12:08:10,207 [mylogger] [WARN]  [TestMylogger.cc:test1:19] warn
2019-06-09 12:08:10,208 [mylogger] [DEBUG]  [TestMylogger.cc:test1:20] debug
2019-06-09 12:08:10,209 [mylogger] [ERROR]  [TestMylogger.cc:test1:21] error
